[ERROR] 2022-09-14 18:45:50.338 [main] FacultyDAOImpl - Duplicate entry 'FacultyTest' for key 'faculty.name_UNIQUE'
[ERROR] 2022-09-14 18:45:50.346 [main] FacultyService - could not add faculty: Duplicate entry 'FacultyTest' for key 'faculty.name_UNIQUE'
[ERROR] 2022-09-14 18:45:50.528 [main] ApplicantResultDAOImpl - Duplicate entry '14' for key 'applicant_results.PRIMARY'
[ERROR] 2022-09-14 18:45:50.529 [main] ApplicantResultService - could not add Applicant's result: Duplicate entry '14' for key 'applicant_results.PRIMARY'
[ERROR] 2022-09-14 18:45:50.566 [main] ApplicantResultDAOImpl - Duplicate entry '14-1' for key 'applicant_has_faculty.PRIMARY'
[ERROR] 2022-09-14 18:45:50.567 [main] ApplicantResultService - could not add result for faculty's subject: Duplicate entry '14-1' for key 'applicant_has_faculty.PRIMARY'
[INFO ] 2022-09-14 18:45:50.604 [main] DirectConnectionBuilder - connection via DirectCB@Test
[ERROR] 2022-09-14 18:45:50.666 [main] FacultyDAOImpl - Duplicate entry 'TestFaculty1' for key 'faculty.name_UNIQUE'
[INFO ] 2022-09-14 18:45:50.705 [main] DirectConnectionBuilder - connection via DirectCB@Test
[ERROR] 2022-09-14 18:45:50.718 [main] ApplicantResultDAOImpl - Duplicate entry '2-1' for key 'applicant_has_faculty.PRIMARY'
[ERROR] 2022-09-14 18:45:50.750 [main] ApplicantResultDAOImpl - Duplicate entry '15' for key 'applicant_results.PRIMARY'
[INFO ] 2022-09-14 18:45:50.757 [main] DirectConnectionBuilder - connection via DirectCB@Test
[INFO ] 2022-09-14 18:45:51.304 [main] DirectConnectionBuilder - connection via DirectCB@Test
[ERROR] 2022-09-14 18:45:51.319 [main] EnrollmentDAOImpl - Duplicate entry '1-8' for key 'enrollment.PRIMARY'
[INFO ] 2022-09-14 18:45:51.364 [main] DirectConnectionBuilder - connection via DirectCB@Test
[ERROR] 2022-09-14 18:45:51.447 [main] StatementDAOImpl - Duplicate entry '1-2' for key 'statement_app.PRIMARY'
[ERROR] 2022-09-14 18:45:51.448 [main] StatementDAOImpl - Duplicate entry '1-3' for key 'statement_app.PRIMARY'
[ERROR] 2022-09-14 18:45:51.448 [main] StatementDAOImpl - Duplicate entry '1-4' for key 'statement_app.PRIMARY'
[ERROR] 2022-09-14 18:45:51.449 [main] StatementDAOImpl - Duplicate entry '1-5' for key 'statement_app.PRIMARY'
[ERROR] 2022-09-14 18:45:51.450 [main] StatementDAOImpl - Duplicate entry '2-2' for key 'statement_app.PRIMARY'
[ERROR] 2022-09-14 18:45:51.450 [main] StatementDAOImpl - Duplicate entry '2-3' for key 'statement_app.PRIMARY'
[ERROR] 2022-09-14 18:45:51.451 [main] StatementDAOImpl - Duplicate entry '2-4' for key 'statement_app.PRIMARY'
[ERROR] 2022-09-14 18:45:51.452 [main] StatementDAOImpl - Duplicate entry '2-5' for key 'statement_app.PRIMARY'
[ERROR] 2022-09-14 18:45:51.453 [main] StatementDAOImpl - Duplicate entry '3-2' for key 'statement_app.PRIMARY'
[ERROR] 2022-09-14 18:45:51.454 [main] StatementDAOImpl - Duplicate entry '3-3' for key 'statement_app.PRIMARY'
[ERROR] 2022-09-14 18:45:51.454 [main] StatementDAOImpl - Duplicate entry '3-4' for key 'statement_app.PRIMARY'
[ERROR] 2022-09-14 18:45:51.455 [main] StatementDAOImpl - Duplicate entry '3-5' for key 'statement_app.PRIMARY'
[ERROR] 2022-09-14 18:45:51.456 [main] StatementDAOImpl - Duplicate entry '4-2' for key 'statement_app.PRIMARY'
[ERROR] 2022-09-14 18:45:51.457 [main] StatementDAOImpl - Duplicate entry '4-3' for key 'statement_app.PRIMARY'
[ERROR] 2022-09-14 18:45:51.458 [main] StatementDAOImpl - Duplicate entry '4-4' for key 'statement_app.PRIMARY'
[ERROR] 2022-09-14 18:45:51.458 [main] StatementDAOImpl - Duplicate entry '4-5' for key 'statement_app.PRIMARY'
[ERROR] 2022-09-14 18:45:51.459 [main] StatementDAOImpl - Duplicate entry '5-2' for key 'statement_app.PRIMARY'
[ERROR] 2022-09-14 18:45:51.460 [main] StatementDAOImpl - Duplicate entry '5-3' for key 'statement_app.PRIMARY'
[ERROR] 2022-09-14 18:45:51.460 [main] StatementDAOImpl - Duplicate entry '5-4' for key 'statement_app.PRIMARY'
[ERROR] 2022-09-14 18:45:51.461 [main] StatementDAOImpl - Duplicate entry '5-5' for key 'statement_app.PRIMARY'
[INFO ] 2022-09-14 18:45:51.509 [main] DirectConnectionBuilder - connection via DirectCB@Test
[INFO ] 2022-09-14 18:45:54.768 [main] MailSender - e-mail sent to therealant@gmail.com
[ERROR] 2022-09-14 18:45:54.880 [main] StatementDAOImpl - Duplicate entry '1-1' for key 'statement_app.PRIMARY'
[ERROR] 2022-09-14 18:45:54.880 [main] StatementService - could not add user to faculty: Duplicate entry '1-1' for key 'statement_app.PRIMARY'
[ERROR] 2022-09-14 18:45:54.892 [main] StatementDAOImpl - Duplicate entry '1-2' for key 'statement_app.PRIMARY'
[ERROR] 2022-09-14 18:45:54.892 [main] StatementService - could not add user to faculty: Duplicate entry '1-2' for key 'statement_app.PRIMARY'
[ERROR] 2022-09-14 18:45:54.898 [main] StatementDAOImpl - Duplicate entry '1-3' for key 'statement_app.PRIMARY'
[ERROR] 2022-09-14 18:45:54.899 [main] StatementService - could not add user to faculty: Duplicate entry '1-3' for key 'statement_app.PRIMARY'
[ERROR] 2022-09-14 23:11:58.828 [main] FacultyDAOImpl - Duplicate entry 'FacultyTest' for key 'faculty.name_UNIQUE'
[ERROR] 2022-09-14 23:11:58.832 [main] FacultyService - could not add faculty: Duplicate entry 'FacultyTest' for key 'faculty.name_UNIQUE'
[ERROR] 2022-09-14 23:11:59.020 [main] ApplicantResultDAOImpl - Duplicate entry '14' for key 'applicant_results.PRIMARY'
[ERROR] 2022-09-14 23:11:59.020 [main] ApplicantResultService - could not add Applicant's result: Duplicate entry '14' for key 'applicant_results.PRIMARY'
[ERROR] 2022-09-14 23:11:59.053 [main] ApplicantResultDAOImpl - Duplicate entry '14-1' for key 'applicant_has_faculty.PRIMARY'
[ERROR] 2022-09-14 23:11:59.053 [main] ApplicantResultService - could not add result for faculty's subject: Duplicate entry '14-1' for key 'applicant_has_faculty.PRIMARY'
[INFO ] 2022-09-14 23:11:59.091 [main] DirectConnectionBuilder - connection via DirectCB@Test
[ERROR] 2022-09-14 23:11:59.149 [main] FacultyDAOImpl - Duplicate entry 'TestFaculty1' for key 'faculty.name_UNIQUE'
[INFO ] 2022-09-14 23:11:59.189 [main] DirectConnectionBuilder - connection via DirectCB@Test
[ERROR] 2022-09-14 23:11:59.201 [main] ApplicantResultDAOImpl - Duplicate entry '2-1' for key 'applicant_has_faculty.PRIMARY'
[ERROR] 2022-09-14 23:11:59.231 [main] ApplicantResultDAOImpl - Duplicate entry '15' for key 'applicant_results.PRIMARY'
[INFO ] 2022-09-14 23:11:59.238 [main] DirectConnectionBuilder - connection via DirectCB@Test
[INFO ] 2022-09-14 23:11:59.743 [main] DirectConnectionBuilder - connection via DirectCB@Test
[ERROR] 2022-09-14 23:11:59.757 [main] EnrollmentDAOImpl - Duplicate entry '1-8' for key 'enrollment.PRIMARY'
[INFO ] 2022-09-14 23:11:59.805 [main] DirectConnectionBuilder - connection via DirectCB@Test
[ERROR] 2022-09-14 23:11:59.883 [main] StatementDAOImpl - Duplicate entry '1-2' for key 'statement_app.PRIMARY'
[ERROR] 2022-09-14 23:11:59.884 [main] StatementDAOImpl - Duplicate entry '1-3' for key 'statement_app.PRIMARY'
[ERROR] 2022-09-14 23:11:59.885 [main] StatementDAOImpl - Duplicate entry '1-4' for key 'statement_app.PRIMARY'
[ERROR] 2022-09-14 23:11:59.885 [main] StatementDAOImpl - Duplicate entry '1-5' for key 'statement_app.PRIMARY'
[ERROR] 2022-09-14 23:11:59.886 [main] StatementDAOImpl - Duplicate entry '2-2' for key 'statement_app.PRIMARY'
[ERROR] 2022-09-14 23:11:59.887 [main] StatementDAOImpl - Duplicate entry '2-3' for key 'statement_app.PRIMARY'
[ERROR] 2022-09-14 23:11:59.888 [main] StatementDAOImpl - Duplicate entry '2-4' for key 'statement_app.PRIMARY'
[ERROR] 2022-09-14 23:11:59.889 [main] StatementDAOImpl - Duplicate entry '2-5' for key 'statement_app.PRIMARY'
[ERROR] 2022-09-14 23:11:59.890 [main] StatementDAOImpl - Duplicate entry '3-2' for key 'statement_app.PRIMARY'
[ERROR] 2022-09-14 23:11:59.890 [main] StatementDAOImpl - Duplicate entry '3-3' for key 'statement_app.PRIMARY'
[ERROR] 2022-09-14 23:11:59.891 [main] StatementDAOImpl - Duplicate entry '3-4' for key 'statement_app.PRIMARY'
[ERROR] 2022-09-14 23:11:59.892 [main] StatementDAOImpl - Duplicate entry '3-5' for key 'statement_app.PRIMARY'
[ERROR] 2022-09-14 23:11:59.892 [main] StatementDAOImpl - Duplicate entry '4-2' for key 'statement_app.PRIMARY'
[ERROR] 2022-09-14 23:11:59.893 [main] StatementDAOImpl - Duplicate entry '4-3' for key 'statement_app.PRIMARY'
[ERROR] 2022-09-14 23:11:59.894 [main] StatementDAOImpl - Duplicate entry '4-4' for key 'statement_app.PRIMARY'
[ERROR] 2022-09-14 23:11:59.895 [main] StatementDAOImpl - Duplicate entry '4-5' for key 'statement_app.PRIMARY'
[ERROR] 2022-09-14 23:11:59.896 [main] StatementDAOImpl - Duplicate entry '5-2' for key 'statement_app.PRIMARY'
[ERROR] 2022-09-14 23:11:59.896 [main] StatementDAOImpl - Duplicate entry '5-3' for key 'statement_app.PRIMARY'
[ERROR] 2022-09-14 23:11:59.897 [main] StatementDAOImpl - Duplicate entry '5-4' for key 'statement_app.PRIMARY'
[ERROR] 2022-09-14 23:11:59.898 [main] StatementDAOImpl - Duplicate entry '5-5' for key 'statement_app.PRIMARY'
[INFO ] 2022-09-14 23:11:59.962 [main] DirectConnectionBuilder - connection via DirectCB@Test
[INFO ] 2022-09-14 23:12:01.821 [main] MailSender - e-mail sent to therealant@gmail.com
[ERROR] 2022-09-14 23:12:01.950 [main] StatementDAOImpl - Duplicate entry '1-1' for key 'statement_app.PRIMARY'
[ERROR] 2022-09-14 23:12:01.950 [main] StatementService - could not add user to faculty: Duplicate entry '1-1' for key 'statement_app.PRIMARY'
[ERROR] 2022-09-14 23:12:01.956 [main] StatementDAOImpl - Duplicate entry '1-2' for key 'statement_app.PRIMARY'
[ERROR] 2022-09-14 23:12:01.957 [main] StatementService - could not add user to faculty: Duplicate entry '1-2' for key 'statement_app.PRIMARY'
[ERROR] 2022-09-14 23:12:01.963 [main] StatementDAOImpl - Duplicate entry '1-3' for key 'statement_app.PRIMARY'
[ERROR] 2022-09-14 23:12:01.964 [main] StatementService - could not add user to faculty: Duplicate entry '1-3' for key 'statement_app.PRIMARY'
